2019-02-17 11:44:04com.alibaba.druid.filter.logging.Log4jFilter.connectionLog(Log4jFilter.java:132) Log4jFilter.java DEBUG {conn-10001} connected
2019-02-17 11:44:04com.alibaba.druid.filter.logging.Log4jFilter.statementLog(Log4jFilter.java:137) Log4jFilter.java DEBUG {conn-10001, stmt-20000} created
2019-02-17 11:44:04com.alibaba.druid.filter.logging.Log4jFilter.statementLog(Log4jFilter.java:137) Log4jFilter.java DEBUG {conn-10001, stmt-20000, rs-50000} query executed. 392.250839 millis. SELECT 1 FROM DUAL
2019-02-17 11:44:04com.alibaba.druid.filter.logging.Log4jFilter.resultSetLog(Log4jFilter.java:142) Log4jFilter.java DEBUG {conn-10001, stmt-20000, rs-50000} open
2019-02-17 11:44:04com.alibaba.druid.filter.logging.Log4jFilter.resultSetLog(Log4jFilter.java:142) Log4jFilter.java DEBUG {conn-10001, stmt-20000, rs-50000} Header: [1]
2019-02-17 11:44:04com.alibaba.druid.filter.logging.Log4jFilter.resultSetLog(Log4jFilter.java:142) Log4jFilter.java DEBUG {conn-10001, stmt-20000, rs-50000} closed
2019-02-17 11:44:04com.alibaba.druid.filter.logging.Log4jFilter.statementLog(Log4jFilter.java:137) Log4jFilter.java DEBUG {conn-10001, stmt-20000} closed
2019-02-17 11:44:06com.alibaba.druid.filter.logging.Log4jFilter.connectionLog(Log4jFilter.java:132) Log4jFilter.java DEBUG {conn-10002} connected
2019-02-17 11:44:06com.alibaba.druid.filter.logging.Log4jFilter.statementLog(Log4jFilter.java:137) Log4jFilter.java DEBUG {conn-10002, stmt-20001} created
2019-02-17 11:44:06com.alibaba.druid.filter.logging.Log4jFilter.statementLog(Log4jFilter.java:137) Log4jFilter.java DEBUG {conn-10002, stmt-20001, rs-50001} query executed. 78.57286 millis. SELECT 1 FROM DUAL
2019-02-17 11:44:06com.alibaba.druid.filter.logging.Log4jFilter.resultSetLog(Log4jFilter.java:142) Log4jFilter.java DEBUG {conn-10002, stmt-20001, rs-50001} open
2019-02-17 11:44:06com.alibaba.druid.filter.logging.Log4jFilter.resultSetLog(Log4jFilter.java:142) Log4jFilter.java DEBUG {conn-10002, stmt-20001, rs-50001} Header: [1]
2019-02-17 11:44:06com.alibaba.druid.filter.logging.Log4jFilter.resultSetLog(Log4jFilter.java:142) Log4jFilter.java DEBUG {conn-10002, stmt-20001, rs-50001} closed
2019-02-17 11:44:06com.alibaba.druid.filter.logging.Log4jFilter.statementLog(Log4jFilter.java:137) Log4jFilter.java DEBUG {conn-10002, stmt-20001} closed
2019-02-17 11:44:07com.alibaba.druid.filter.logging.Log4jFilter.connectionLog(Log4jFilter.java:132) Log4jFilter.java DEBUG {conn-10003} connected
2019-02-17 11:44:07com.alibaba.druid.filter.logging.Log4jFilter.statementLog(Log4jFilter.java:137) Log4jFilter.java DEBUG {conn-10003, stmt-20002} created
2019-02-17 11:44:07com.alibaba.druid.filter.logging.Log4jFilter.statementLog(Log4jFilter.java:137) Log4jFilter.java DEBUG {conn-10003, stmt-20002, rs-50002} query executed. 119.624784 millis. SELECT 1 FROM DUAL
2019-02-17 11:44:07com.alibaba.druid.filter.logging.Log4jFilter.resultSetLog(Log4jFilter.java:142) Log4jFilter.java DEBUG {conn-10003, stmt-20002, rs-50002} open
2019-02-17 11:44:07com.alibaba.druid.filter.logging.Log4jFilter.resultSetLog(Log4jFilter.java:142) Log4jFilter.java DEBUG {conn-10003, stmt-20002, rs-50002} Header: [1]
2019-02-17 11:44:07com.alibaba.druid.filter.logging.Log4jFilter.resultSetLog(Log4jFilter.java:142) Log4jFilter.java DEBUG {conn-10003, stmt-20002, rs-50002} closed
2019-02-17 11:44:07com.alibaba.druid.filter.logging.Log4jFilter.statementLog(Log4jFilter.java:137) Log4jFilter.java DEBUG {conn-10003, stmt-20002} closed
2019-02-17 11:44:09com.alibaba.druid.filter.logging.Log4jFilter.connectionLog(Log4jFilter.java:132) Log4jFilter.java DEBUG {conn-10004} connected
2019-02-17 11:44:09com.alibaba.druid.filter.logging.Log4jFilter.statementLog(Log4jFilter.java:137) Log4jFilter.java DEBUG {conn-10004, stmt-20003} created
2019-02-17 11:44:09com.alibaba.druid.filter.logging.Log4jFilter.statementLog(Log4jFilter.java:137) Log4jFilter.java DEBUG {conn-10004, stmt-20003, rs-50003} query executed. 153.084024 millis. SELECT 1 FROM DUAL
2019-02-17 11:44:09com.alibaba.druid.filter.logging.Log4jFilter.resultSetLog(Log4jFilter.java:142) Log4jFilter.java DEBUG {conn-10004, stmt-20003, rs-50003} open
2019-02-17 11:44:09com.alibaba.druid.filter.logging.Log4jFilter.resultSetLog(Log4jFilter.java:142) Log4jFilter.java DEBUG {conn-10004, stmt-20003, rs-50003} Header: [1]
2019-02-17 11:44:09com.alibaba.druid.filter.logging.Log4jFilter.resultSetLog(Log4jFilter.java:142) Log4jFilter.java DEBUG {conn-10004, stmt-20003, rs-50003} closed
2019-02-17 11:44:09com.alibaba.druid.filter.logging.Log4jFilter.statementLog(Log4jFilter.java:137) Log4jFilter.java DEBUG {conn-10004, stmt-20003} closed
2019-02-17 11:44:10com.alibaba.druid.filter.logging.Log4jFilter.connectionLog(Log4jFilter.java:132) Log4jFilter.java DEBUG {conn-10005} connected
2019-02-17 11:44:10com.alibaba.druid.filter.logging.Log4jFilter.statementLog(Log4jFilter.java:137) Log4jFilter.java DEBUG {conn-10005, stmt-20004} created
2019-02-17 11:44:11com.alibaba.druid.filter.logging.Log4jFilter.statementLog(Log4jFilter.java:137) Log4jFilter.java DEBUG {conn-10005, stmt-20004, rs-50004} query executed. 163.274169 millis. SELECT 1 FROM DUAL
2019-02-17 11:44:11com.alibaba.druid.filter.logging.Log4jFilter.resultSetLog(Log4jFilter.java:142) Log4jFilter.java DEBUG {conn-10005, stmt-20004, rs-50004} open
2019-02-17 11:44:11com.alibaba.druid.filter.logging.Log4jFilter.resultSetLog(Log4jFilter.java:142) Log4jFilter.java DEBUG {conn-10005, stmt-20004, rs-50004} Header: [1]
2019-02-17 11:44:11com.alibaba.druid.filter.logging.Log4jFilter.resultSetLog(Log4jFilter.java:142) Log4jFilter.java DEBUG {conn-10005, stmt-20004, rs-50004} closed
2019-02-17 11:44:11com.alibaba.druid.filter.logging.Log4jFilter.statementLog(Log4jFilter.java:137) Log4jFilter.java DEBUG {conn-10005, stmt-20004} closed
2019-02-17 11:44:11com.alibaba.druid.filter.logging.Log4jFilter.connectionLog(Log4jFilter.java:132) Log4jFilter.java DEBUG {conn-10005} pool-connect
2019-02-17 11:44:11com.alibaba.druid.filter.logging.Log4jFilter.statementLog(Log4jFilter.java:137) Log4jFilter.java DEBUG {conn-10005, pstmt-20005} created. select * from userinfo
2019-02-17 11:44:11com.alibaba.druid.filter.logging.Log4jFilter.statementLog(Log4jFilter.java:137) Log4jFilter.java DEBUG {conn-10005, pstmt-20005} Parameters : []
2019-02-17 11:44:11com.alibaba.druid.filter.logging.Log4jFilter.statementLog(Log4jFilter.java:137) Log4jFilter.java DEBUG {conn-10005, pstmt-20005} Types : []
2019-02-17 11:44:11com.alibaba.druid.filter.logging.Log4jFilter.statementLog(Log4jFilter.java:137) Log4jFilter.java DEBUG {conn-10005, pstmt-20005} executed. 144.416929 millis. select * from userinfo
2019-02-17 11:44:11com.alibaba.druid.filter.logging.Log4jFilter.resultSetLog(Log4jFilter.java:142) Log4jFilter.java DEBUG {conn-10005, pstmt-20005, rs-50005} open
2019-02-17 11:44:11com.alibaba.druid.filter.logging.Log4jFilter.resultSetLog(Log4jFilter.java:142) Log4jFilter.java DEBUG {conn-10005, pstmt-20005, rs-50005} Header: [userId, tureName, passWord, phone, qq, email, age, sex, address, isProhibit]
2019-02-17 11:44:11com.alibaba.druid.filter.logging.Log4jFilter.resultSetLog(Log4jFilter.java:142) Log4jFilter.java DEBUG {conn-10005, pstmt-20005, rs-50005} Result: [122, 叶gay, 46458d, 15172333202, 8951463, sadsa5485, 54, 人妖, 武汉市, 0]
2019-02-17 11:44:11com.alibaba.druid.filter.logging.Log4jFilter.resultSetLog(Log4jFilter.java:142) Log4jFilter.java DEBUG {conn-10005, pstmt-20005, rs-50005} Result: [123, 王洪山, 123, 12345678910, 3705656, 54464, 24, 男, 武汉市洪山区, 1]
2019-02-17 11:44:11com.alibaba.druid.filter.logging.Log4jFilter.resultSetLog(Log4jFilter.java:142) Log4jFilter.java DEBUG {conn-10005, pstmt-20005, rs-50005} Result: [125, 张三, 156, 1234655555, 4545648, 68468, 26, 男, 湖北省仙桃市, 1]
2019-02-17 11:44:11com.alibaba.druid.filter.logging.Log4jFilter.resultSetLog(Log4jFilter.java:142) Log4jFilter.java DEBUG {conn-10005, pstmt-20005, rs-50005} Result: [888, 赵玲, 4648998, 22266654871, 48489, sadad@.qq, 29, 女, 武汉市武昌区, 1]
2019-02-17 11:44:11com.alibaba.druid.filter.logging.Log4jFilter.resultSetLog(Log4jFilter.java:142) Log4jFilter.java DEBUG {conn-10005, pstmt-20005, rs-50005} Result: [5955, 秦OK, 88484, 15272332202, 464489, dsdw56565, 31, 女, 汉川市, 1]
2019-02-17 11:44:11com.alibaba.druid.filter.logging.Log4jFilter.resultSetLog(Log4jFilter.java:142) Log4jFilter.java DEBUG {conn-10005, pstmt-20005, rs-50005} Result: [496849, 李四, 4489s, 55544469871, 5161884, 153a, 35, 男, 武汉市江夏区, 1]
2019-02-17 11:44:11com.alibaba.druid.filter.logging.Log4jFilter.resultSetLog(Log4jFilter.java:142) Log4jFilter.java DEBUG {conn-10005, pstmt-20005, rs-50005} closed
2019-02-17 11:44:11com.alibaba.druid.filter.logging.Log4jFilter.statementLog(Log4jFilter.java:137) Log4jFilter.java DEBUG {conn-10005, pstmt-20005} clearParameters. 
2019-02-17 11:44:11com.alibaba.druid.filter.logging.Log4jFilter.connectionLog(Log4jFilter.java:132) Log4jFilter.java DEBUG {conn-10005} pool-recycle
2019-02-17 11:44:40com.alibaba.druid.filter.logging.Log4jFilter.connectionLog(Log4jFilter.java:132) Log4jFilter.java DEBUG {conn-10005} pool-connect
2019-02-17 11:44:40com.alibaba.druid.filter.logging.Log4jFilter.statementLog(Log4jFilter.java:137) Log4jFilter.java DEBUG {conn-10005, pstmt-20005} Parameters : []
2019-02-17 11:44:40com.alibaba.druid.filter.logging.Log4jFilter.statementLog(Log4jFilter.java:137) Log4jFilter.java DEBUG {conn-10005, pstmt-20005} Types : []
2019-02-17 11:44:40com.alibaba.druid.filter.logging.Log4jFilter.statementLog(Log4jFilter.java:137) Log4jFilter.java DEBUG {conn-10005, pstmt-20005} executed. 27.605719 millis. select * from userinfo
2019-02-17 11:44:40com.alibaba.druid.filter.logging.Log4jFilter.resultSetLog(Log4jFilter.java:142) Log4jFilter.java DEBUG {conn-10005, pstmt-20005, rs-50006} open
2019-02-17 11:44:40com.alibaba.druid.filter.logging.Log4jFilter.resultSetLog(Log4jFilter.java:142) Log4jFilter.java DEBUG {conn-10005, pstmt-20005, rs-50006} Header: [userId, tureName, passWord, phone, qq, email, age, sex, address, isProhibit]
2019-02-17 11:44:40com.alibaba.druid.filter.logging.Log4jFilter.resultSetLog(Log4jFilter.java:142) Log4jFilter.java DEBUG {conn-10005, pstmt-20005, rs-50006} Result: [122, 叶gay, 46458d, 15172333202, 8951463, sadsa5485, 54, 人妖, 武汉市, 0]
2019-02-17 11:44:40com.alibaba.druid.filter.logging.Log4jFilter.resultSetLog(Log4jFilter.java:142) Log4jFilter.java DEBUG {conn-10005, pstmt-20005, rs-50006} Result: [123, 王洪山, 123, 12345678910, 3705656, 54464, 24, 男, 武汉市洪山区, 1]
2019-02-17 11:44:40com.alibaba.druid.filter.logging.Log4jFilter.resultSetLog(Log4jFilter.java:142) Log4jFilter.java DEBUG {conn-10005, pstmt-20005, rs-50006} Result: [125, 张三, 156, 1234655555, 4545648, 68468, 26, 男, 湖北省仙桃市, 1]
2019-02-17 11:44:40com.alibaba.druid.filter.logging.Log4jFilter.resultSetLog(Log4jFilter.java:142) Log4jFilter.java DEBUG {conn-10005, pstmt-20005, rs-50006} Result: [888, 赵玲, 4648998, 22266654871, 48489, sadad@.qq, 29, 女, 武汉市武昌区, 1]
2019-02-17 11:44:40com.alibaba.druid.filter.logging.Log4jFilter.resultSetLog(Log4jFilter.java:142) Log4jFilter.java DEBUG {conn-10005, pstmt-20005, rs-50006} Result: [5955, 秦OK, 88484, 15272332202, 464489, dsdw56565, 31, 女, 汉川市, 1]
2019-02-17 11:44:40com.alibaba.druid.filter.logging.Log4jFilter.resultSetLog(Log4jFilter.java:142) Log4jFilter.java DEBUG {conn-10005, pstmt-20005, rs-50006} Result: [496849, 李四, 4489s, 55544469871, 5161884, 153a, 35, 男, 武汉市江夏区, 1]
2019-02-17 11:44:40com.alibaba.druid.filter.logging.Log4jFilter.resultSetLog(Log4jFilter.java:142) Log4jFilter.java DEBUG {conn-10005, pstmt-20005, rs-50006} closed
2019-02-17 11:44:40com.alibaba.druid.filter.logging.Log4jFilter.statementLog(Log4jFilter.java:137) Log4jFilter.java DEBUG {conn-10005, pstmt-20005} clearParameters. 
2019-02-17 11:44:40com.alibaba.druid.filter.logging.Log4jFilter.connectionLog(Log4jFilter.java:132) Log4jFilter.java DEBUG {conn-10005} pool-recycle
